<?xml version="1.0" encoding="UTF-8"?>
<!-- Generated by org.testng.reporters.JUnitReportReporter -->
<testsuite skipped="0" hostname="DESKTOP-6BHR4HM" name="com.qa.testApi.TC001_GET_Request" tests="1" failures="0" timestamp="2020-07-24T12:18:27 IST" time="3.398" errors="0">
  <testcase name="getuserDetails" time="3.398" classname="com.qa.testApi.TC001_GET_Request"/>
  <system-out/>
</testsuite> <!-- com.qa.testApi.TC001_GET_Request -->
