<?xml version="1.0" encoding="UTF-8"?>
<!-- Generated by org.testng.reporters.JUnitReportReporter -->
<testsuite skipped="0" hostname="DESKTOP-6BHR4HM" name="com.qa.testApi.TC002_Post_Request" tests="1" failures="0" timestamp="2020-08-01T13:04:55 IST" time="4.634" errors="0">
  <testcase name="registernewUser" time="4.634" classname="com.qa.testApi.TC002_Post_Request"/>
  <system-out/>
</testsuite> <!-- com.qa.testApi.TC002_Post_Request -->
