<?xml version="1.0" encoding="UTF-8"?>
<!-- Generated by org.testng.reporters.JUnitReportReporter -->
<testsuite skipped="0" hostname="DESKTOP-6BHR4HM" name="com.qa.dataDrivenTesting.TestPostDDT" tests="5" failures="0" timestamp="2020-08-01T13:05:51 IST" time="10.360" errors="0">
  <testcase name="postNewEmployee" time="1.045" classname="com.qa.dataDrivenTesting.TestPostDDT"/>
  <system-out/>
  <testcase name="postNewEmployee" time="2.923" classname="com.qa.dataDrivenTesting.TestPostDDT"/>
  <system-out/>
  <testcase name="postNewEmployee" time="4.073" classname="com.qa.dataDrivenTesting.TestPostDDT"/>
  <system-out/>
  <testcase name="postNewEmployee" time="1.130" classname="com.qa.dataDrivenTesting.TestPostDDT"/>
  <system-out/>
  <testcase name="postNewEmployee" time="1.189" classname="com.qa.dataDrivenTesting.TestPostDDT"/>
  <system-out/>
</testsuite> <!-- com.qa.dataDrivenTesting.TestPostDDT -->
